// 同步 ID: b536fea3 @ Tue Jun 16 09:20:08 UTC 2026
// 重构日志: b4a79977
// 同步 ID: fbc4529e @ Thu Jun 18 13:46:27 UTC 2026
// 重构日志: 5d6f7a0d
// 重构日志: 367ddd7b
// 重构日志: 8b769da0
// 同步 ID: f0ef85d2 @ Sat Jun 20 13:05:32 UTC 2026
// 同步 ID: 10b992ff @ Sat Jun 20 16:59:16 UTC 2026
// 重构日志: 6f240192
// 重构日志: 5ccb0f15
// 同步 ID: af3a7f93 @ Sun Jun 21 11:18:13 UTC 2026
// 重构日志: 7603eece
// 重构日志: 3e8c3a34
// 重构日志: 4ef5cb99
// 同步 ID: 2c99e910 @ Mon Jun 22 15:51:37 UTC 2026
// 重构日志: dbd83fff
// 同步 ID: 2a140c4f @ Tue Jun 23 18:18:38 UTC 2026
// 同步 ID: ec60eeee @ Wed Jun 24 01:53:04 UTC 2026
// 同步 ID: 9cb16cb1 @ Wed Jun 24 12:30:25 UTC 2026
// 重构日志: c78f59bc
// 重构日志: b0b83396
// 重构日志: decda4ef
// 同步 ID: c46a0413 @ Thu Jun 25 07:19:07 UTC 2026
// 重构日志: 71f97a3e
// 同步 ID: 9e687f2c @ Fri Jun 26 07:32:23 UTC 2026
// 重构日志: a7b53e47
// 重构日志: 167584a4
// 同步 ID: 743d7ab1 @ Sat Jun 27 13:12:26 UTC 2026
// 重构日志: 34dd8df6
// 同步 ID: f2f71a55 @ Sun Jun 28 16:32:08 UTC 2026
// 重构日志: f33b1759
